[ 2025-01-26 17:58:44,730] 15 root - INFO - Initiate the data ingestion
[ 2025-01-26 17:58:46,575] 68 root - INFO - Performed train test split on the dataframe
[ 2025-01-26 17:58:46,575] 70 root - INFO - Exited split_data_as_train_test method of Data_Ingestion class
[ 2025-01-26 17:58:46,575] 76 root - INFO - Exporting train and test file path.
[ 2025-01-26 17:58:46,658] 84 root - INFO - Exported train and test file path.
[ 2025-01-26 17:58:46,660] 20 root - INFO - Data ingestion completed
[ 2025-01-26 17:58:46,660] 22 root - INFO - Initiate the data validation
[ 2025-01-26 17:58:46,747] 32 root - INFO - Required number of columns:2
[ 2025-01-26 17:58:46,747] 33 root - INFO - Data frame has columns : 31
[ 2025-01-26 17:58:46,748] 32 root - INFO - Required number of columns:2
[ 2025-01-26 17:58:46,748] 33 root - INFO - Data frame has columns : 31
[ 2025-01-26 17:58:46,748] 46 root - INFO - Expected numerical columns: ['having_IP_Address', 'URL_Length', 'Shortining_Service', 'having_At_Symbol', 'double_slash_redirecting', 'Prefix_Suffix', 'having_Sub_Domain', 'SSLfinal_State', 'Domain_registeration_length', 'Favicon', 'port', 'HTTPS_token', 'Request_URL', 'URL_of_Anchor', 'Links_in_tags', 'SFH', 'Submitting_to_email', 'Abnormal_URL', 'Redirect', 'on_mouseover', 'RightClick', 'popUpWidnow', 'Iframe', 'age_of_domain', 'DNSRecord', 'web_traffic', 'Page_Rank', 'Google_Index', 'Links_pointing_to_page', 'Statistical_report', 'Result']
[ 2025-01-26 17:58:46,748] 47 root - INFO - Missing numerical columns: []
[ 2025-01-26 17:58:46,748] 46 root - INFO - Expected numerical columns: ['having_IP_Address', 'URL_Length', 'Shortining_Service', 'having_At_Symbol', 'double_slash_redirecting', 'Prefix_Suffix', 'having_Sub_Domain', 'SSLfinal_State', 'Domain_registeration_length', 'Favicon', 'port', 'HTTPS_token', 'Request_URL', 'URL_of_Anchor', 'Links_in_tags', 'SFH', 'Submitting_to_email', 'Abnormal_URL', 'Redirect', 'on_mouseover', 'RightClick', 'popUpWidnow', 'Iframe', 'age_of_domain', 'DNSRecord', 'web_traffic', 'Page_Rank', 'Google_Index', 'Links_pointing_to_page', 'Statistical_report', 'Result']
[ 2025-01-26 17:58:46,748] 47 root - INFO - Missing numerical columns: []
[ 2025-01-26 17:58:47,042] 27 root - INFO - data validation completed
[ 2025-01-26 17:58:47,042] 29 root - INFO - data Transformation started
[ 2025-01-26 17:58:47,042] 63 root - INFO - Entered initiate_data_transformation method off DataTransformation class
[ 2025-01-26 17:58:47,042] 65 root - INFO - Starting data transformation
[ 2025-01-26 17:58:47,076] 49 root - INFO - Entered get_data_trnasformer_object method of Trnasformation class
[ 2025-01-26 17:58:47,076] 54 root - INFO - Initialise KNNImputer with {'missing_values': nan, 'n_neighbors': 3, 'weights': 'uniform'}
[ 2025-01-26 17:58:47,096] 47 root - INFO - Entered theh save_object method of MainUtils class
[ 2025-01-26 17:58:47,100] 51 root - INFO - Exited the save_object method of MainUtils class
[ 2025-01-26 17:58:47,103] 34 root - INFO - data Transformation completed
[ 2025-01-26 17:58:47,103] 36 root - INFO - Model Training started
[ 2025-01-26 18:01:55,460] 47 root - INFO - Entered theh save_object method of MainUtils class
[ 2025-01-26 18:01:55,460] 51 root - INFO - Exited the save_object method of MainUtils class
[ 2025-01-26 18:01:55,460] 127 root - INFO - Model trainer artifact: ModelTrainerArtifact(trained_model_file_path='Artifacts\\01_26_2025_17_58_40\\model_trainer\\trained_model\\model.pkl', train_metric_artifact=ClassificationMetricArtifact(f1_score=0.9913679293185742, precision_score=0.9880566801619434, recall_score=0.9947014469125739), test_metric_artifact=ClassificationMetricArtifact(f1_score=0.9913679293185742, precision_score=0.9880566801619434, recall_score=0.9947014469125739))
[ 2025-01-26 18:01:55,470] 41 root - INFO - Model Training artifact created
