[ 2025-01-26 14:53:35,772] 15 root - INFO - Initiate the data ingestion
[ 2025-01-26 14:53:37,378] 68 root - INFO - Performed train test split on the dataframe
[ 2025-01-26 14:53:37,378] 70 root - INFO - Exited split_data_as_train_test method of Data_Ingestion class
[ 2025-01-26 14:53:37,378] 76 root - INFO - Exporting train and test file path.
[ 2025-01-26 14:53:37,455] 84 root - INFO - Exported train and test file path.
[ 2025-01-26 14:53:37,457] 20 root - INFO - Data ingestion completed
[ 2025-01-26 14:53:37,457] 22 root - INFO - Initiate the data validation
[ 2025-01-26 14:53:37,540] 32 root - INFO - Required number of columns:2
[ 2025-01-26 14:53:37,540] 33 root - INFO - Data frame has columns : 31
[ 2025-01-26 14:53:37,541] 32 root - INFO - Required number of columns:2
[ 2025-01-26 14:53:37,541] 33 root - INFO - Data frame has columns : 31
[ 2025-01-26 14:53:37,541] 46 root - INFO - Expected numerical columns: ['having_IP_Address', 'URL_Length', 'Shortining_Service', 'having_At_Symbol', 'double_slash_redirecting', 'Prefix_Suffix', 'having_Sub_Domain', 'SSLfinal_State', 'Domain_registeration_length', 'Favicon', 'port', 'HTTPS_token', 'Request_URL', 'URL_of_Anchor', 'Links_in_tags', 'SFH', 'Submitting_to_email', 'Abnormal_URL', 'Redirect', 'on_mouseover', 'RightClick', 'popUpWidnow', 'Iframe', 'age_of_domain', 'DNSRecord', 'web_traffic', 'Page_Rank', 'Google_Index', 'Links_pointing_to_page', 'Statistical_report', 'Result']
[ 2025-01-26 14:53:37,541] 47 root - INFO - Missing numerical columns: []
[ 2025-01-26 14:53:37,541] 46 root - INFO - Expected numerical columns: ['having_IP_Address', 'URL_Length', 'Shortining_Service', 'having_At_Symbol', 'double_slash_redirecting', 'Prefix_Suffix', 'having_Sub_Domain', 'SSLfinal_State', 'Domain_registeration_length', 'Favicon', 'port', 'HTTPS_token', 'Request_URL', 'URL_of_Anchor', 'Links_in_tags', 'SFH', 'Submitting_to_email', 'Abnormal_URL', 'Redirect', 'on_mouseover', 'RightClick', 'popUpWidnow', 'Iframe', 'age_of_domain', 'DNSRecord', 'web_traffic', 'Page_Rank', 'Google_Index', 'Links_pointing_to_page', 'Statistical_report', 'Result']
[ 2025-01-26 14:53:37,541] 47 root - INFO - Missing numerical columns: []
[ 2025-01-26 14:53:37,726] 27 root - INFO - data validation completed
[ 2025-01-26 14:53:37,726] 29 root - INFO - data Transformation started
[ 2025-01-26 14:53:37,726] 63 root - INFO - Entered initiate_data_transformation method off DataTransformation class
[ 2025-01-26 14:53:37,726] 65 root - INFO - Starting data transformation
[ 2025-01-26 14:53:37,761] 49 root - INFO - Entered get_data_trnasformer_object method of Trnasformation class
[ 2025-01-26 14:53:37,761] 54 root - INFO - Initialise KNNImputer with {'missing_values': nan, 'n_neighbors': 3, 'weights': 'uniform'}
[ 2025-01-26 14:53:37,777] 47 root - INFO - Entered theh save_object method of MainUtils class
[ 2025-01-26 14:53:37,780] 51 root - INFO - Exited the save_object method of MainUtils class
[ 2025-01-26 14:53:37,782] 34 root - INFO - data Transformation completed
[ 2025-01-26 14:53:37,782] 36 root - INFO - Model Training started
[ 2025-01-26 14:58:31,642] 47 root - INFO - Entered theh save_object method of MainUtils class
[ 2025-01-26 14:58:31,642] 51 root - INFO - Exited the save_object method of MainUtils class
[ 2025-01-26 14:58:31,643] 110 root - INFO - Model trainer artifact: ModelTrainerArtifact(trained_model_file_path='Artifacts\\01_26_2025_14_53_33\\model_trainer\\trained_model\\model.pkl', train_metric_artifact=ClassificationMetricArtifact(f1_score=0.9914477703115455, precision_score=0.9884287454323996, recall_score=0.9944852941176471), test_metric_artifact=ClassificationMetricArtifact(f1_score=0.9914477703115455, precision_score=0.9884287454323996, recall_score=0.9944852941176471))
[ 2025-01-26 14:58:31,648] 41 root - INFO - Model Training artifact created
