[ 2025-01-26 14:44:41,964] 15 root - INFO - Initiate the data ingestion
[ 2025-01-26 14:44:43,633] 68 root - INFO - Performed train test split on the dataframe
[ 2025-01-26 14:44:43,634] 70 root - INFO - Exited split_data_as_train_test method of Data_Ingestion class
[ 2025-01-26 14:44:43,634] 76 root - INFO - Exporting train and test file path.
[ 2025-01-26 14:44:43,716] 84 root - INFO - Exported train and test file path.
[ 2025-01-26 14:44:43,718] 20 root - INFO - Data ingestion completed
[ 2025-01-26 14:44:43,718] 22 root - INFO - Initiate the data validation
[ 2025-01-26 14:44:43,797] 32 root - INFO - Required number of columns:2
[ 2025-01-26 14:44:43,798] 33 root - INFO - Data frame has columns : 31
[ 2025-01-26 14:44:43,798] 32 root - INFO - Required number of columns:2
[ 2025-01-26 14:44:43,798] 33 root - INFO - Data frame has columns : 31
[ 2025-01-26 14:44:43,799] 46 root - INFO - Expected numerical columns: ['having_IP_Address', 'URL_Length', 'Shortining_Service', 'having_At_Symbol', 'double_slash_redirecting', 'Prefix_Suffix', 'having_Sub_Domain', 'SSLfinal_State', 'Domain_registeration_length', 'Favicon', 'port', 'HTTPS_token', 'Request_URL', 'URL_of_Anchor', 'Links_in_tags', 'SFH', 'Submitting_to_email', 'Abnormal_URL', 'Redirect', 'on_mouseover', 'RightClick', 'popUpWidnow', 'Iframe', 'age_of_domain', 'DNSRecord', 'web_traffic', 'Page_Rank', 'Google_Index', 'Links_pointing_to_page', 'Statistical_report', 'Result']
[ 2025-01-26 14:44:43,799] 47 root - INFO - Missing numerical columns: []
[ 2025-01-26 14:44:43,799] 46 root - INFO - Expected numerical columns: ['having_IP_Address', 'URL_Length', 'Shortining_Service', 'having_At_Symbol', 'double_slash_redirecting', 'Prefix_Suffix', 'having_Sub_Domain', 'SSLfinal_State', 'Domain_registeration_length', 'Favicon', 'port', 'HTTPS_token', 'Request_URL', 'URL_of_Anchor', 'Links_in_tags', 'SFH', 'Submitting_to_email', 'Abnormal_URL', 'Redirect', 'on_mouseover', 'RightClick', 'popUpWidnow', 'Iframe', 'age_of_domain', 'DNSRecord', 'web_traffic', 'Page_Rank', 'Google_Index', 'Links_pointing_to_page', 'Statistical_report', 'Result']
[ 2025-01-26 14:44:43,800] 47 root - INFO - Missing numerical columns: []
[ 2025-01-26 14:44:44,002] 27 root - INFO - data validation completed
[ 2025-01-26 14:44:44,002] 29 root - INFO - data Transformation started
[ 2025-01-26 14:44:44,002] 63 root - INFO - Entered initiate_data_transformation method off DataTransformation class
[ 2025-01-26 14:44:44,002] 65 root - INFO - Starting data transformation
[ 2025-01-26 14:44:44,037] 49 root - INFO - Entered get_data_trnasformer_object method of Trnasformation class
[ 2025-01-26 14:44:44,037] 54 root - INFO - Initialise KNNImputer with {'missing_values': nan, 'n_neighbors': 3, 'weights': 'uniform'}
[ 2025-01-26 14:44:44,055] 47 root - INFO - Entered theh save_object method of MainUtils class
[ 2025-01-26 14:44:44,059] 51 root - INFO - Exited the save_object method of MainUtils class
[ 2025-01-26 14:44:44,062] 34 root - INFO - data Transformation completed
[ 2025-01-26 14:44:44,062] 36 root - INFO - Model Training started
