[ 2025-01-26 13:56:47,545] 15 root - INFO - Initiate the data ingestion
[ 2025-01-26 13:56:49,539] 68 root - INFO - Performed train test split on the dataframe
[ 2025-01-26 13:56:49,539] 70 root - INFO - Exited split_data_as_train_test method of Data_Ingestion class
[ 2025-01-26 13:56:49,540] 76 root - INFO - Exporting train and test file path.
[ 2025-01-26 13:56:49,617] 84 root - INFO - Exported train and test file path.
[ 2025-01-26 13:56:49,619] 20 root - INFO - Data ingestion completed
[ 2025-01-26 13:56:49,619] 22 root - INFO - Initiate the data validation
[ 2025-01-26 13:56:49,703] 32 root - INFO - Required number of columns:2
[ 2025-01-26 13:56:49,703] 33 root - INFO - Data frame has columns : 31
[ 2025-01-26 13:56:49,703] 32 root - INFO - Required number of columns:2
[ 2025-01-26 13:56:49,703] 33 root - INFO - Data frame has columns : 31
[ 2025-01-26 13:56:49,704] 46 root - INFO - Expected numerical columns: ['having_IP_Address', 'URL_Length', 'Shortining_Service', 'having_At_Symbol', 'double_slash_redirecting', 'Prefix_Suffix', 'having_Sub_Domain', 'SSLfinal_State', 'Domain_registeration_length', 'Favicon', 'port', 'HTTPS_token', 'Request_URL', 'URL_of_Anchor', 'Links_in_tags', 'SFH', 'Submitting_to_email', 'Abnormal_URL', 'Redirect', 'on_mouseover', 'RightClick', 'popUpWidnow', 'Iframe', 'age_of_domain', 'DNSRecord', 'web_traffic', 'Page_Rank', 'Google_Index', 'Links_pointing_to_page', 'Statistical_report', 'Result']
[ 2025-01-26 13:56:49,704] 47 root - INFO - Missing numerical columns: []
[ 2025-01-26 13:56:49,704] 46 root - INFO - Expected numerical columns: ['having_IP_Address', 'URL_Length', 'Shortining_Service', 'having_At_Symbol', 'double_slash_redirecting', 'Prefix_Suffix', 'having_Sub_Domain', 'SSLfinal_State', 'Domain_registeration_length', 'Favicon', 'port', 'HTTPS_token', 'Request_URL', 'URL_of_Anchor', 'Links_in_tags', 'SFH', 'Submitting_to_email', 'Abnormal_URL', 'Redirect', 'on_mouseover', 'RightClick', 'popUpWidnow', 'Iframe', 'age_of_domain', 'DNSRecord', 'web_traffic', 'Page_Rank', 'Google_Index', 'Links_pointing_to_page', 'Statistical_report', 'Result']
[ 2025-01-26 13:56:49,704] 47 root - INFO - Missing numerical columns: []
[ 2025-01-26 13:56:49,902] 27 root - INFO - data validation completed
[ 2025-01-26 13:56:49,902] 29 root - INFO - data Transformation started
[ 2025-01-26 13:56:49,902] 63 root - INFO - Entered initiate_data_transformation method off DataTransformation class
[ 2025-01-26 13:56:49,902] 65 root - INFO - Starting data transformation
[ 2025-01-26 13:56:49,939] 49 root - INFO - Entered get_data_trnasformer_object method of Trnasformation class
[ 2025-01-26 13:56:49,940] 54 root - INFO - Initialise KNNImputer with {'missing_values': nan, 'n_neighbors': 3, 'weights': 'uniform'}
[ 2025-01-26 13:56:49,955] 47 root - INFO - Entered theh save_object method of MainUtils class
[ 2025-01-26 13:56:49,958] 51 root - INFO - Exited the save_object method of MainUtils class
[ 2025-01-26 13:56:49,961] 34 root - INFO - data Transformation completed
[ 2025-01-26 13:56:49,961] 36 root - INFO - Model Training started
